<?xml version="1.0" encoding="UTF-8"?><testsuite failures="17" name="cucumber.runtime.formatter.JUnitFormatter" skipped="0" tests="17" time="0">
<testcase classname="Free CRM application testing" name="Login with correct username and correct password" time="0">
<failure message="The scenario has pending or undefined step(s)"><![CDATA[Given This is a valid login test............................................undefined
]]></failure>
</testcase>
<testcase classname="Free CRM application testing" name="Login with incorrect username and correct password" time="0">
<failure message="The scenario has pending or undefined step(s)"><![CDATA[Given This is a invalid login test..........................................undefined
]]></failure>
</testcase>
<testcase classname="Free CRM application testing" name="Create a contact" time="0">
<failure message="The scenario has pending or undefined step(s)"><![CDATA[Given This is a contact test case...........................................undefined
]]></failure>
</testcase>
<testcase classname="Free CRM application testing" name="Create a deal" time="0">
<failure message="The scenario has pending or undefined step(s)"><![CDATA[Given This is a deal test case..............................................undefined
]]></failure>
</testcase>
<testcase classname="Free CRM application testing" name="Create a task" time="0">
<failure message="The scenario has pending or undefined step(s)"><![CDATA[Given This is a contact task case...........................................undefined
]]></failure>
</testcase>
<testcase classname="Free CRM application testing" name="Create a case" time="0">
<failure message="The scenario has pending or undefined step(s)"><![CDATA[Given This is a case test...................................................undefined
]]></failure>
</testcase>
<testcase classname="Free CRM application testing" name="Verify left panel links" time="0">
<failure message="The scenario has pending or undefined step(s)"><![CDATA[Given Clicking on left panel links..........................................undefined
]]></failure>
</testcase>
<testcase classname="Free CRM application testing" name="Search a deal" time="0">
<failure message="The scenario has pending or undefined step(s)"><![CDATA[Given This is a search deal test............................................undefined
]]></failure>
</testcase>
<testcase classname="Free CRM application testing" name="Search a contact" time="0">
<failure message="The scenario has pending or undefined step(s)"><![CDATA[Given This is a search contact test.........................................undefined
]]></failure>
</testcase>
<testcase classname="Free CRM application testing" name="Search a case" time="0">
<failure message="The scenario has pending or undefined step(s)"><![CDATA[Given This is a search case test............................................undefined
]]></failure>
</testcase>
<testcase classname="Free CRM application testing" name="Search a task" time="0">
<failure message="The scenario has pending or undefined step(s)"><![CDATA[Given This is a search task test............................................undefined
]]></failure>
</testcase>
<testcase classname="Free CRM application testing" name="Search a call" time="0">
<failure message="The scenario has pending or undefined step(s)"><![CDATA[Given This is a search call test............................................undefined
]]></failure>
</testcase>
<testcase classname="Free CRM application testing" name="Search an email" time="0">
<failure message="The scenario has pending or undefined step(s)"><![CDATA[Given This is a search email test...........................................undefined
]]></failure>
</testcase>
<testcase classname="Free CRM application testing" name="Search docs" time="0">
<failure message="The scenario has pending or undefined step(s)"><![CDATA[Given This is a search docs test............................................undefined
]]></failure>
</testcase>
<testcase classname="Free CRM application testing" name="Search forms" time="0">
<failure message="The scenario has pending or undefined step(s)"><![CDATA[Given This is a search forms test...........................................undefined
]]></failure>
</testcase>
<testcase classname="Free CRM application testing" name="Validate a report" time="0">
<failure message="The scenario has pending or undefined step(s)"><![CDATA[Given This is a report test.................................................undefined
]]></failure>
</testcase>
<testcase classname="Free CRM application testing" name="Application Logout" time="0">
<failure message="The scenario has pending or undefined step(s)"><![CDATA[Given This is a logout test.................................................undefined
]]></failure>
</testcase>
</testsuite>
